<?xml version="1.0" encoding="UTF-8" ?>
<testsuite tests="2" failures="0" name="com.trendmicro.ds.restapi.DeepSecurityClientTest" time="0.885" errors="1" skipped="0">
  <properties>
[...]
</properties>
  <testcase classname="com.trendmicro.ds.restapi.DeepSecurityClientTest" name="testConnection" time="0.582"/>
  <testcase classname="com.trendmicro.ds.restapi.DeepSecurityClientTest" name="testJackson" time="0.303">
    <error message="Can not construct instance of com.trendmicro.ds.platform.rest.object.alerttypes.AlertType$Severity from String value &apos;warning&apos;: value not one of declared Enum instance names: [WARNING, CRITICAL]
 at [Source: {&quot;ListAlertsResponse&quot;:{&quot;alerts&quot;:[{&quot;id&quot;:8,&quot;typeID&quot;:99,&quot;name&quot;:&quot;MemoryWarningThresholdExceeded&quot;,&quot;description&quot;:&quot;Thememorywarningthresholdhasbeenexceeded.Formoreinformationaboutthisandotheralerts,visittheDeepSecurityHelpCenterat:https://help.deepsecurity.trendmicro.com/&quot;,&quot;dismissible&quot;:false,&quot;severity&quot;:&quot;warning&quot;,&quot;managerNodeID&quot;:1,&quot;timeRaised&quot;:1517735113164,&quot;timeChanged&quot;:1517735113164,&quot;targets&quot;:[{&quot;urn&quot;:&quot;urn:tmds:core::0:manager-node/1&quot;}]}]}}; line: 1, column: 287] (through reference chain: com.trendmicro.ds.platform.rest.object.alerts.ListAlertsResponse[&quot;alerts&quot;]-&gt;java.util.ArrayList[0]-&gt;com.trendmicro.ds.platform.rest.object.alerts.Alert[&quot;severity&quot;])" type="com.fasterxml.jackson.databind.exc.InvalidFormatException">com.fasterxml.jackson.databind.exc.InvalidFormatException: Can not construct instance of com.trendmicro.ds.platform.rest.object.alerttypes.AlertType$Severity from String value &apos;warning&apos;: value not one of declared Enum instance names: [WARNING, CRITICAL]
 at [Source: {&quot;ListAlertsResponse&quot;:{&quot;alerts&quot;:[{&quot;id&quot;:8,&quot;typeID&quot;:99,&quot;name&quot;:&quot;MemoryWarningThresholdExceeded&quot;,&quot;description&quot;:&quot;Thememorywarningthresholdhasbeenexceeded.Formoreinformationaboutthisandotheralerts,visittheDeepSecurityHelpCenterat:https://help.deepsecurity.trendmicro.com/&quot;,&quot;dismissible&quot;:false,&quot;severity&quot;:&quot;warning&quot;,&quot;managerNodeID&quot;:1,&quot;timeRaised&quot;:1517735113164,&quot;timeChanged&quot;:1517735113164,&quot;targets&quot;:[{&quot;urn&quot;:&quot;urn:tmds:core::0:manager-node/1&quot;}]}]}}; line: 1, column: 287] (through reference chain: com.trendmicro.ds.platform.rest.object.alerts.ListAlertsResponse[&quot;alerts&quot;]-&gt;java.util.ArrayList[0]-&gt;com.trendmicro.ds.platform.rest.object.alerts.Alert[&quot;severity&quot;])
	at com.fasterxml.jackson.databind.exc.InvalidFormatException.from(InvalidFormatException.java:55)
	at com.fasterxml.jackson.databind.DeserializationContext.weirdStringException(DeserializationContext.java:907)
	at com.fasterxml.jackson.databind.deser.std.EnumDeserializer._deserializeAltString(EnumDeserializer.java:130)
	at com.fasterxml.jackson.databind.deser.std.EnumDeserializer.deserialize(EnumDeserializer.java:84)
	at com.fasterxml.jackson.databind.deser.SettableBeanProperty.deserialize(SettableBeanProperty.java:520)
	at com.fasterxml.jackson.databind.deser.impl.MethodProperty.deserializeAndSet(MethodProperty.java:95)
	at com.fasterxml.jackson.databind.deser.BeanDeserializer.vanillaDeserialize(BeanDeserializer.java:258)
	at com.fasterxml.jackson.databind.deser.BeanDeserializer.deserialize(BeanDeserializer.java:125)
	at com.fasterxml.jackson.databind.deser.std.CollectionDeserializer.deserialize(CollectionDeserializer.java:245)
	at com.fasterxml.jackson.databind.deser.std.CollectionDeserializer.deserialize(CollectionDeserializer.java:217)
	at com.fasterxml.jackson.databind.deser.std.CollectionDeserializer.deserialize(CollectionDeserializer.java:25)
	at com.fasterxml.jackson.databind.deser.SettableBeanProperty.deserialize(SettableBeanProperty.java:520)
	at com.fasterxml.jackson.databind.deser.impl.MethodProperty.deserializeAndSet(MethodProperty.java:95)
	at com.fasterxml.jackson.databind.deser.BeanDeserializer.vanillaDeserialize(BeanDeserializer.java:258)
	at com.fasterxml.jackson.databind.deser.BeanDeserializer.deserialize(BeanDeserializer.java:125)
	at com.fasterxml.jackson.databind.ObjectMapper._unwrapAndDeserialize(ObjectMapper.java:3810)
	at com.fasterxml.jackson.databind.ObjectMapper._readMapAndClose(ObjectMapper.java:3734)
	at com.fasterxml.jackson.databind.ObjectMapper.readValue(ObjectMapper.java:2726)
	at com.trendmicro.ds.restapi.DeepSecurityClientTest.testJackson(DeepSecurityClientTest.java:62)
	at sun.reflect.NativeMethodAccessorImpl.invoke0(Native Method)
	at sun.reflect.NativeMethodAccessorImpl.invoke(NativeMethodAccessorImpl.java:62)
	at sun.reflect.DelegatingMethodAccessorImpl.invoke(DelegatingMethodAccessorImpl.java:43)
	at java.lang.reflect.Method.invoke(Method.java:497)
	at org.junit.runners.model.FrameworkMethod$1.runReflectiveCall(FrameworkMethod.java:50)
	at org.junit.internal.runners.model.ReflectiveCallable.run(ReflectiveCallable.java:12)
	at org.junit.runners.model.FrameworkMethod.invokeExplosively(FrameworkMethod.java:47)
	at org.junit.internal.runners.statements.InvokeMethod.evaluate(InvokeMethod.java:17)
	at org.junit.runners.ParentRunner.runLeaf(ParentRunner.java:325)
	at org.junit.runners.BlockJUnit4ClassRunner.runChild(BlockJUnit4ClassRunner.java:78)
	at org.junit.runners.BlockJUnit4ClassRunner.runChild(BlockJUnit4ClassRunner.java:57)
	at org.junit.runners.ParentRunner$3.run(ParentRunner.java:290)
	at org.junit.runners.ParentRunner$1.schedule(ParentRunner.java:71)
	at org.junit.runners.ParentRunner.runChildren(ParentRunner.java:288)
	at org.junit.runners.ParentRunner.access$000(ParentRunner.java:58)
	at org.junit.runners.ParentRunner$2.evaluate(ParentRunner.java:268)
	at org.junit.runners.ParentRunner.run(ParentRunner.java:363)
	at org.apache.maven.surefire.junit4.JUnit4Provider.execute(JUnit4Provider.java:252)
	at org.apache.maven.surefire.junit4.JUnit4Provider.executeTestSet(JUnit4Provider.java:141)
	at org.apache.maven.surefire.junit4.JUnit4Provider.invoke(JUnit4Provider.java:112)
	at sun.reflect.NativeMethodAccessorImpl.invoke0(Native Method)
	at sun.reflect.NativeMethodAccessorImpl.invoke(NativeMethodAccessorImpl.java:62)
	at sun.reflect.DelegatingMethodAccessorImpl.invoke(DelegatingMethodAccessorImpl.java:43)
	at java.lang.reflect.Method.invoke(Method.java:497)
	at org.apache.maven.surefire.util.ReflectionUtils.invokeMethodWithArray(ReflectionUtils.java:189)
	at org.apache.maven.surefire.booter.ProviderFactory$ProviderProxy.invoke(ProviderFactory.java:165)
	at org.apache.maven.surefire.booter.ProviderFactory.invokeProvider(ProviderFactory.java:85)
	at org.apache.maven.surefire.booter.ForkedBooter.runSuitesInProcess(ForkedBooter.java:115)
	at org.apache.maven.surefire.booter.ForkedBooter.main(ForkedBooter.java:75)
</error>
  </testcase>
</testsuite>